0 info it worked if it ends with ok
1 verbose cli [ '/usr/local/bin/node',
1 verbose cli   '/usr/local/bin/npm',
1 verbose cli   'install',
1 verbose cli   'mocha',
1 verbose cli   '-g' ]
2 info using npm@2.14.7
3 info using node@v4.2.1
4 verbose install initial load of /usr/local/lib/package.json
5 verbose readDependencies loading dependencies from /usr/local/lib/package.json
6 silly cache add args [ 'mocha', null ]
7 verbose cache add spec mocha
8 silly cache add parsed spec Result {
8 silly cache add   raw: 'mocha',
8 silly cache add   scope: null,
8 silly cache add   name: 'mocha',
8 silly cache add   rawSpec: '',
8 silly cache add   spec: '*',
8 silly cache add   type: 'range' }
9 silly addNamed mocha@*
10 verbose addNamed "*" is a valid semver range for mocha
11 silly addNameRange { name: 'mocha', range: '*', hasData: false }
12 silly mapToRegistry name mocha
13 silly mapToRegistry using default registry
14 silly mapToRegistry registry https://registry.npmjs.org/
15 silly mapToRegistry uri https://registry.npmjs.org/mocha
16 verbose addNameRange registry:https://registry.npmjs.org/mocha not in flight; fetching
17 verbose request uri https://registry.npmjs.org/mocha
18 verbose request no auth needed
19 info attempt registry request try #1 at 9:00:40 PM
20 verbose request id 885b3c32d2f8682f
21 verbose etag "3B5NFKU4PLD6PDHPND9F62FHP"
22 http request GET https://registry.npmjs.org/mocha
23 http 304 https://registry.npmjs.org/mocha
24 verbose headers { date: 'Fri, 23 Oct 2015 18:00:41 GMT',
24 verbose headers   via: '1.1 varnish',
24 verbose headers   'cache-control': 'max-age=60',
24 verbose headers   etag: '"3B5NFKU4PLD6PDHPND9F62FHP"',
24 verbose headers   age: '33',
24 verbose headers   connection: 'keep-alive',
24 verbose headers   'x-served-by': 'cache-ams4129-AMS',
24 verbose headers   'x-cache': 'HIT',
24 verbose headers   'x-cache-hits': '1',
24 verbose headers   'x-timer': 'S1445623241.104998,VS0,VE1',
24 verbose headers   vary: 'Accept' }
25 silly get cb [ 304,
25 silly get   { date: 'Fri, 23 Oct 2015 18:00:41 GMT',
25 silly get     via: '1.1 varnish',
25 silly get     'cache-control': 'max-age=60',
25 silly get     etag: '"3B5NFKU4PLD6PDHPND9F62FHP"',
25 silly get     age: '33',
25 silly get     connection: 'keep-alive',
25 silly get     'x-served-by': 'cache-ams4129-AMS',
25 silly get     'x-cache': 'HIT',
25 silly get     'x-cache-hits': '1',
25 silly get     'x-timer': 'S1445623241.104998,VS0,VE1',
25 silly get     vary: 'Accept' } ]
26 verbose etag https://registry.npmjs.org/mocha from cache
27 verbose get saving mocha to /Users/petergpetrov/.npm/registry.npmjs.org/mocha/.cache.json
28 silly addNameRange number 2 { name: 'mocha', range: '*', hasData: true }
29 silly addNameRange versions [ 'mocha',
29 silly addNameRange   [ '0.0.1-alpha1',
29 silly addNameRange     '0.0.1-alpha2',
29 silly addNameRange     '0.0.1-alpha3',
29 silly addNameRange     '0.0.1-alpha4',
29 silly addNameRange     '0.0.1-alpha5',
29 silly addNameRange     '0.0.1-alpha6',
29 silly addNameRange     '0.0.1',
29 silly addNameRange     '0.0.2',
29 silly addNameRange     '0.0.3',
29 silly addNameRange     '0.0.4',
29 silly addNameRange     '0.0.5',
29 silly addNameRange     '0.0.6',
29 silly addNameRange     '0.0.7',
29 silly addNameRange     '0.0.8',
29 silly addNameRange     '0.1.0',
29 silly addNameRange     '0.2.0',
29 silly addNameRange     '0.3.0',
29 silly addNameRange     '0.3.1',
29 silly addNameRange     '0.3.2',
29 silly addNameRange     '0.3.3',
29 silly addNameRange     '0.3.4',
29 silly addNameRange     '0.3.6',
29 silly addNameRange     '0.4.0',
29 silly addNameRange     '0.5.0',
29 silly addNameRange     '0.6.0',
29 silly addNameRange     '0.7.0',
29 silly addNameRange     '0.7.1',
29 silly addNameRange     '0.8.0',
29 silly addNameRange     '0.8.1',
29 silly addNameRange     '0.9.0',
29 silly addNameRange     '0.10.0',
29 silly addNameRange     '0.10.1',
29 silly addNameRange     '0.10.2',
29 silly addNameRange     '0.11.0',
29 silly addNameRange     '0.12.0',
29 silly addNameRange     '0.12.1',
29 silly addNameRange     '0.13.0',
29 silly addNameRange     '0.14.0',
29 silly addNameRange     '0.14.1',
29 silly addNameRange     '1.0.0',
29 silly addNameRange     '1.0.1',
29 silly addNameRange     '1.0.2',
29 silly addNameRange     '1.0.3',
29 silly addNameRange     '1.1.0',
29 silly addNameRange     '1.2.0',
29 silly addNameRange     '1.2.1',
29 silly addNameRange     '1.2.2',
29 silly addNameRange     '1.3.0',
29 silly addNameRange     '1.3.1',
29 silly addNameRange     '1.3.2',
29 silly addNameRange     '1.4.0',
29 silly addNameRange     '1.4.1',
29 silly addNameRange     '1.4.2',
29 silly addNameRange     '1.4.3',
29 silly addNameRange     '1.5.0',
29 silly addNameRange     '1.6.0',
29 silly addNameRange     '1.7.0',
29 silly addNameRange     '1.7.1',
29 silly addNameRange     '1.7.2',
29 silly addNameRange     '1.7.3',
29 silly addNameRange     '1.7.4',
29 silly addNameRange     '1.8.0',
29 silly addNameRange     '1.8.1',
29 silly addNameRange     '1.8.2',
29 silly addNameRange     '1.9.0',
29 silly addNameRange     '1.10.0',
29 silly addNameRange     '1.11.0',
29 silly addNameRange     '1.12.0',
29 silly addNameRange     '1.12.1',
29 silly addNameRange     '1.13.0',
29 silly addNameRange     '1.14.0',
29 silly addNameRange     '1.15.0',
29 silly addNameRange     '1.15.1',
29 silly addNameRange     '1.16.0',
29 silly addNameRange     '1.16.1',
29 silly addNameRange     '1.16.2',
29 silly addNameRange     '1.17.0',
29 silly addNameRange     '1.17.1',
29 silly addNameRange     '1.18.0',
29 silly addNameRange     '1.18.1',
29 silly addNameRange     '1.18.2',
29 silly addNameRange     '1.19.0',
29 silly addNameRange     '1.20.0',
29 silly addNameRange     '1.20.1',
29 silly addNameRange     '1.21.0',
29 silly addNameRange     '1.21.1',
29 silly addNameRange     '1.21.2',
29 silly addNameRange     '1.21.3',
29 silly addNameRange     '1.21.4',
29 silly addNameRange     '1.21.5',
29 silly addNameRange     '2.0.0',
29 silly addNameRange     '2.0.1',
29 silly addNameRange     '2.1.0',
29 silly addNameRange     '2.2.0',
29 silly addNameRange     '2.2.1',
29 silly addNameRange     '2.2.3',
29 silly addNameRange     '2.2.4',
29 silly addNameRange     '2.2.5',
29 silly addNameRange     '2.3.0',
29 silly addNameRange     '2.3.1',
29 silly addNameRange     '2.3.2',
29 silly addNameRange     '2.3.3' ] ]
30 silly addNamed mocha@2.3.3
31 verbose addNamed "2.3.3" is a plain semver version for mocha
32 silly cache afterAdd mocha@2.3.3
33 verbose afterAdd /Users/petergpetrov/.npm/mocha/2.3.3/package/package.json not in flight; writing
34 verbose afterAdd /Users/petergpetrov/.npm/mocha/2.3.3/package/package.json written
35 silly install resolved [ { name: 'mocha',
35 silly install resolved     version: '2.3.3',
35 silly install resolved     description: 'simple, flexible, fun test framework',
35 silly install resolved     keywords: [ 'mocha', 'test', 'bdd', 'tdd', 'tap' ],
35 silly install resolved     author: { name: 'TJ Holowaychuk', email: 'tj@vision-media.ca' },
35 silly install resolved     contributors:
35 silly install resolved      [ [Object],
35 silly install resolved        [Object],
35 silly install resolved        [Object],
35 silly install resolved        [Object],
35 silly install resolved        [Object],
35 silly install resolved        [Object],
35 silly install resolved        [Object],
35 silly install resolved        [Object],
35 silly install resolved        [Object],
35 silly install resolved        [Object],
35 silly install resolved        [Object],
35 silly install resolved        [Object],
35 silly install resolved        [Object],
35 silly install resolved        [Object],
35 silly install resolved        [Object],
35 silly install resolved        [Object],
35 silly install resolved        [Object],
35 silly install resolved        [Object],
35 silly install resolved        [Object],
35 silly install resolved        [Object],
35 silly install resolved        [Object],
35 silly install resolved        [Object],
35 silly install resolved        [Object],
35 silly install resolved        [Object],
35 silly install resolved        [Object],
35 silly install resolved        [Object],
35 silly install resolved        [Object],
35 silly install resolved        [Object],
35 silly install resolved        [Object],
35 silly install resolved        [Object],
35 silly install resolved        [Object],
35 silly install resolved        [Object],
35 silly install resolved        [Object],
35 silly install resolved        [Object],
35 silly install resolved        [Object],
35 silly install resolved        [Object],
35 silly install resolved        [Object],
35 silly install resolved        [Object],
35 silly install resolved        [Object],
35 silly install resolved        [Object],
35 silly install resolved        [Object],
35 silly install resolved        [Object],
35 silly install resolved        [Object],
35 silly install resolved        [Object],
35 silly install resolved        [Object],
35 silly install resolved        [Object],
35 silly install resolved        [Object],
35 silly install resolved        [Object],
35 silly install resolved        [Object],
35 silly install resolved        [Object],
35 silly install resolved        [Object],
35 silly install resolved        [Object],
35 silly install resolved        [Object],
35 silly install resolved        [Object],
35 silly install resolved        [Object],
35 silly install resolved        [Object],
35 silly install resolved        [Object],
35 silly install resolved        [Object],
35 silly install resolved        [Object],
35 silly install resolved        [Object],
35 silly install resolved        [Object],
35 silly install resolved        [Object],
35 silly install resolved        [Object],
35 silly install resolved        [Object],
35 silly install resolved        [Object],
35 silly install resolved        [Object],
35 silly install resolved        [Object],
35 silly install resolved        [Object],
35 silly install resolved        [Object],
35 silly install resolved        [Object],
35 silly install resolved        [Object],
35 silly install resolved        [Object],
35 silly install resolved        [Object],
35 silly install resolved        [Object],
35 silly install resolved        [Object],
35 silly install resolved        [Object],
35 silly install resolved        [Object],
35 silly install resolved        [Object],
35 silly install resolved        [Object],
35 silly install resolved        [Object],
35 silly install resolved        [Object],
35 silly install resolved        [Object],
35 silly install resolved        [Object],
35 silly install resolved        [Object],
35 silly install resolved        [Object],
35 silly install resolved        [Object],
35 silly install resolved        [Object],
35 silly install resolved        [Object],
35 silly install resolved        [Object],
35 silly install resolved        [Object],
35 silly install resolved        [Object],
35 silly install resolved        [Object],
35 silly install resolved        [Object],
35 silly install resolved        [Object],
35 silly install resolved        [Object],
35 silly install resolved        [Object],
35 silly install resolved        [Object],
35 silly install resolved        [Object],
35 silly install resolved        [Object],
35 silly install resolved        [Object],
35 silly install resolved        [Object],
35 silly install resolved        [Object],
35 silly install resolved        [Object],
35 silly install resolved        [Object],
35 silly install resolved        [Object],
35 silly install resolved        [Object],
35 silly install resolved        [Object],
35 silly install resolved        [Object],
35 silly install resolved        [Object],
35 silly install resolved        [Object],
35 silly install resolved        [Object],
35 silly install resolved        [Object],
35 silly install resolved        [Object],
35 silly install resolved        [Object],
35 silly install resolved        [Object],
35 silly install resolved        [Object],
35 silly install resolved        [Object],
35 silly install resolved        [Object],
35 silly install resolved        [Object],
35 silly install resolved        [Object],
35 silly install resolved        [Object],
35 silly install resolved        [Object],
35 silly install resolved        [Object],
35 silly install resolved        [Object],
35 silly install resolved        [Object],
35 silly install resolved        [Object],
35 silly install resolved        [Object],
35 silly install resolved        [Object],
35 silly install resolved        [Object],
35 silly install resolved        [Object],
35 silly install resolved        [Object],
35 silly install resolved        [Object],
35 silly install resolved        [Object],
35 silly install resolved        [Object],
35 silly install resolved        [Object],
35 silly install resolved        [Object],
35 silly install resolved        [Object],
35 silly install resolved        [Object],
35 silly install resolved        [Object],
35 silly install resolved        [Object],
35 silly install resolved        [Object],
35 silly install resolved        [Object],
35 silly install resolved        [Object],
35 silly install resolved        [Object],
35 silly install resolved        [Object],
35 silly install resolved        [Object],
35 silly install resolved        [Object],
35 silly install resolved        [Object],
35 silly install resolved        [Object],
35 silly install resolved        [Object],
35 silly install resolved        [Object],
35 silly install resolved        [Object],
35 silly install resolved        [Object],
35 silly install resolved        [Object],
35 silly install resolved        [Object],
35 silly install resolved        [Object],
35 silly install resolved        [Object],
35 silly install resolved        [Object],
35 silly install resolved        [Object],
35 silly install resolved        [Object],
35 silly install resolved        [Object],
35 silly install resolved        [Object],
35 silly install resolved        [Object],
35 silly install resolved        [Object],
35 silly install resolved        [Object],
35 silly install resolved        [Object],
35 silly install resolved        [Object],
35 silly install resolved        [Object],
35 silly install resolved        [Object],
35 silly install resolved        [Object],
35 silly install resolved        [Object],
35 silly install resolved        [Object],
35 silly install resolved        [Object],
35 silly install resolved        [Object],
35 silly install resolved        [Object],
35 silly install resolved        [Object],
35 silly install resolved        [Object],
35 silly install resolved        [Object],
35 silly install resolved        [Object],
35 silly install resolved        [Object],
35 silly install resolved        [Object],
35 silly install resolved        [Object],
35 silly install resolved        [Object],
35 silly install resolved        [Object],
35 silly install resolved        [Object],
35 silly install resolved        [Object],
35 silly install resolved        [Object],
35 silly install resolved        [Object],
35 silly install resolved        [Object],
35 silly install resolved        [Object],
35 silly install resolved        [Object],
35 silly install resolved        [Object],
35 silly install resolved        [Object],
35 silly install resolved        [Object],
35 silly install resolved        [Object],
35 silly install resolved        [Object],
35 silly install resolved        [Object],
35 silly install resolved        [Object],
35 silly install resolved        [Object],
35 silly install resolved        [Object],
35 silly install resolved        [Object],
35 silly install resolved        [Object],
35 silly install resolved        [Object],
35 silly install resolved        [Object],
35 silly install resolved        [Object],
35 silly install resolved        [Object],
35 silly install resolved        [Object],
35 silly install resolved        [Object],
35 silly install resolved        [Object],
35 silly install resolved        [Object],
35 silly install resolved        [Object],
35 silly install resolved        [Object],
35 silly install resolved        [Object],
35 silly install resolved        [Object],
35 silly install resolved        [Object],
35 silly install resolved        [Object],
35 silly install resolved        [Object],
35 silly install resolved        [Object],
35 silly install resolved        [Object],
35 silly install resolved        [Object],
35 silly install resolved        [Object],
35 silly install resolved        [Object],
35 silly install resolved        [Object],
35 silly install resolved        [Object],
35 silly install resolved        [Object],
35 silly install resolved        [Object],
35 silly install resolved        [Object],
35 silly install resolved        [Object],
35 silly install resolved        [Object],
35 silly install resolved        [Object],
35 silly install resolved        [Object],
35 silly install resolved        [Object],
35 silly install resolved        [Object],
35 silly install resolved        [Object],
35 silly install resolved        [Object],
35 silly install resolved        [Object],
35 silly install resolved        [Object],
35 silly install resolved        [Object],
35 silly install resolved        [Object],
35 silly install resolved        [Object] ],
35 silly install resolved     license: 'MIT',
35 silly install resolved     repository: { type: 'git', url: 'git://github.com/mochajs/mocha.git' },
35 silly install resolved     maintainers: [ [Object], [Object], [Object], [Object] ],
35 silly install resolved     main: './index',
35 silly install resolved     bin: { mocha: './bin/mocha', _mocha: './bin/_mocha' },
35 silly install resolved     engines: { node: '>= 0.8.x' },
35 silly install resolved     scripts: { test: 'make test-all' },
35 silly install resolved     dependencies:
35 silly install resolved      { commander: '2.3.0',
35 silly install resolved        debug: '2.0.0',
35 silly install resolved        diff: '1.4.0',
35 silly install resolved        'escape-string-regexp': '1.0.2',
35 silly install resolved        glob: '3.2.3',
35 silly install resolved        growl: '1.8.1',
35 silly install resolved        jade: '0.26.3',
35 silly install resolved        mkdirp: '0.5.0',
35 silly install resolved        'supports-color': '1.2.0' },
35 silly install resolved     devDependencies:
35 silly install resolved      { 'browser-stdout': '^1.2.0',
35 silly install resolved        browserify: '10.2.4',
35 silly install resolved        'coffee-script': '~1.8.0',
35 silly install resolved        eslint: '^1.2.1',
35 silly install resolved        should: '~4.0.0',
35 silly install resolved        through2: '~0.6.5' },
35 silly install resolved     files:
35 silly install resolved      [ 'bin',
35 silly install resolved        'images',
35 silly install resolved        'lib',
35 silly install resolved        'index.js',
35 silly install resolved        'mocha.css',
35 silly install resolved        'mocha.js',
35 silly install resolved        'LICENSE' ],
35 silly install resolved     browser:
35 silly install resolved      { debug: './lib/browser/debug.js',
35 silly install resolved        events: './lib/browser/events.js',
35 silly install resolved        tty: './lib/browser/tty.js' },
35 silly install resolved     licenses: [ [Object] ],
35 silly install resolved     gitHead: 'c4393c456839d6bf2cbb4abb1cd177010ee06458',
35 silly install resolved     bugs: { url: 'https://github.com/mochajs/mocha/issues' },
35 silly install resolved     homepage: 'https://github.com/mochajs/mocha#readme',
35 silly install resolved     _id: 'mocha@2.3.3',
35 silly install resolved     _shasum: '96488c49bfd71d86a518cb941e291a83f48d8856',
35 silly install resolved     _from: 'mocha@*',
35 silly install resolved     _npmVersion: '2.14.2',
35 silly install resolved     _nodeVersion: '4.0.0',
35 silly install resolved     _npmUser: { name: 'boneskull', email: 'chiller@badwing.com' },
35 silly install resolved     dist:
35 silly install resolved      { shasum: '96488c49bfd71d86a518cb941e291a83f48d8856',
35 silly install resolved        tarball: 'http://registry.npmjs.org/mocha/-/mocha-2.3.3.tgz' },
35 silly install resolved     directories: {},
35 silly install resolved     _resolved: 'https://registry.npmjs.org/mocha/-/mocha-2.3.3.tgz',
35 silly install resolved     readme: 'ERROR: No README data found!' } ]
36 info install mocha@2.3.3 into /usr/local/lib
37 info installOne mocha@2.3.3
38 verbose installOne of mocha to /usr/local/lib not in flight; installing
39 verbose lock using /Users/petergpetrov/.npm/_locks/mocha-1cb4102bb5230051.lock for /usr/local/lib/node_modules/mocha
40 silly install write writing mocha 2.3.3 to /usr/local/lib/node_modules/mocha
41 verbose unbuild lib/node_modules/mocha
42 silly gentlyRm /usr/local/lib/node_modules/mocha is being purged from base /usr/local
43 verbose gentlyRm don't care about contents; nuking /usr/local/lib/node_modules/mocha
44 verbose tar unpack /Users/petergpetrov/.npm/mocha/2.3.3/package.tgz
45 verbose tar unpacking to /usr/local/lib/node_modules/mocha
46 silly gentlyRm /usr/local/lib/node_modules/mocha is being purged
47 verbose gentlyRm don't care about contents; nuking /usr/local/lib/node_modules/mocha
48 silly gunzTarPerm modes [ '755', '644' ]
49 error tar.unpack untar error /Users/petergpetrov/.npm/mocha/2.3.3/package.tgz
50 verbose unlock done using /Users/petergpetrov/.npm/_locks/mocha-1cb4102bb5230051.lock for /usr/local/lib/node_modules/mocha
51 verbose fstream_path /usr/local/lib/node_modules/mocha
52 verbose fstream_type Directory
53 verbose fstream_class DirWriter
54 verbose stack Error: EACCES: permission denied, mkdir '/usr/local/lib/node_modules/mocha'
54 verbose stack     at Error (native)
55 verbose fstream_stack /usr/local/lib/node_modules/npm/node_modules/fstream/lib/dir-writer.js:35:25
55 verbose fstream_stack /usr/local/lib/node_modules/npm/node_modules/mkdirp/index.js:47:53
55 verbose fstream_stack FSReqWrap.oncomplete (fs.js:82:15)
56 verbose cwd /Users/petergpetrov/GitHub/exercises/binary-search
57 error Darwin 15.0.0
58 error argv "/usr/local/bin/node" "/usr/local/bin/npm" "install" "mocha" "-g"
59 error node v4.2.1
60 error npm  v2.14.7
61 error path /usr/local/lib/node_modules/mocha
62 error code EACCES
63 error errno -13
64 error syscall mkdir
65 error Error: EACCES: permission denied, mkdir '/usr/local/lib/node_modules/mocha'
65 error     at Error (native)
65 error  { [Error: EACCES: permission denied, mkdir '/usr/local/lib/node_modules/mocha']
65 error   errno: -13,
65 error   code: 'EACCES',
65 error   syscall: 'mkdir',
65 error   path: '/usr/local/lib/node_modules/mocha',
65 error   fstream_type: 'Directory',
65 error   fstream_path: '/usr/local/lib/node_modules/mocha',
65 error   fstream_class: 'DirWriter',
65 error   fstream_stack:
65 error    [ '/usr/local/lib/node_modules/npm/node_modules/fstream/lib/dir-writer.js:35:25',
65 error      '/usr/local/lib/node_modules/npm/node_modules/mkdirp/index.js:47:53',
65 error      'FSReqWrap.oncomplete (fs.js:82:15)' ] }
66 error Please try running this command again as root/Administrator.
67 verbose exit [ -13, true ]
68 verbose unbuild lib/node_modules/mocha
69 silly gentlyRm /usr/local/lib/node_modules/mocha is being purged from base /usr/local
70 verbose gentlyRm don't care about contents; nuking /usr/local/lib/node_modules/mocha
